[2023-08-11 10:08:45,555] INFO Starting the log cleaner (kafka.log.LogCleaner)
[2023-08-11 10:08:45,636] INFO [kafka-log-cleaner-thread-0]: Starting (kafka.log.LogCleaner)
[2023-08-12 00:58:54,400] INFO Starting the log cleaner (kafka.log.LogCleaner)
[2023-08-12 00:58:54,458] INFO [kafka-log-cleaner-thread-0]: Starting (kafka.log.LogCleaner)
[2023-09-13 16:01:13,201] INFO Starting the log cleaner (kafka.log.LogCleaner)
[2023-09-13 16:01:13,305] INFO [kafka-log-cleaner-thread-0]: Starting (kafka.log.LogCleaner)
[2023-09-13 16:01:49,731] INFO Starting the log cleaner (kafka.log.LogCleaner)
[2023-09-13 16:01:49,788] INFO [kafka-log-cleaner-thread-0]: Starting (kafka.log.LogCleaner)
[2023-09-13 16:01:50,835] INFO Shutting down the log cleaner. (kafka.log.LogCleaner)
[2023-09-13 16:01:50,835] INFO [kafka-log-cleaner-thread-0]: Shutting down (kafka.log.LogCleaner)
[2023-09-13 16:01:50,836] INFO [kafka-log-cleaner-thread-0]: Stopped (kafka.log.LogCleaner)
[2023-09-13 16:01:50,836] INFO [kafka-log-cleaner-thread-0]: Shutdown completed (kafka.log.LogCleaner)
[2023-09-13 16:07:02,713] INFO Starting the log cleaner (kafka.log.LogCleaner)
[2023-09-13 16:07:02,765] INFO [kafka-log-cleaner-thread-0]: Starting (kafka.log.LogCleaner)
[2023-09-13 16:09:26,654] INFO Starting the log cleaner (kafka.log.LogCleaner)
[2023-09-13 16:09:26,708] INFO [kafka-log-cleaner-thread-0]: Starting (kafka.log.LogCleaner)
[2023-09-13 16:23:02,706] INFO Starting the log cleaner (kafka.log.LogCleaner)
[2023-09-13 16:23:02,773] INFO [kafka-log-cleaner-thread-0]: Starting (kafka.log.LogCleaner)
[2023-09-13 16:24:54,215] INFO Starting the log cleaner (kafka.log.LogCleaner)
[2023-09-13 16:24:54,262] INFO [kafka-log-cleaner-thread-0]: Starting (kafka.log.LogCleaner)
[2023-09-13 16:34:44,860] INFO Starting the log cleaner (kafka.log.LogCleaner)
[2023-09-13 16:34:44,918] INFO [kafka-log-cleaner-thread-0]: Starting (kafka.log.LogCleaner)
[2023-09-15 19:19:40,584] INFO Starting the log cleaner (kafka.log.LogCleaner)
[2023-09-15 19:19:40,647] INFO [kafka-log-cleaner-thread-0]: Starting (kafka.log.LogCleaner)
[2023-09-15 19:28:11,010] INFO Cleaner 0: Beginning cleaning of log __consumer_offsets-32. (kafka.log.LogCleaner)
[2023-09-15 19:28:11,010] INFO Cleaner 0: Building offset map for __consumer_offsets-32... (kafka.log.LogCleaner)
[2023-09-15 19:28:11,058] INFO Cleaner 0: Building offset map for log __consumer_offsets-32 for 1 segments in offset range [0, 3). (kafka.log.LogCleaner)
[2023-09-15 19:28:11,096] INFO Cleaner 0: Offset map for log __consumer_offsets-32 complete. (kafka.log.LogCleaner)
[2023-09-15 19:28:11,099] INFO Cleaner 0: Cleaning log __consumer_offsets-32 (cleaning prior to Sat Aug 12 01:28:55 CST 2023, discarding tombstones prior to Thu Jan 01 08:00:00 CST 1970)... (kafka.log.LogCleaner)
[2023-09-15 19:28:11,102] INFO Cleaner 0: Cleaning LogSegment(baseOffset=0, size=555, lastModifiedTime=1691774935194, largestTime=1691774935192) in log __consumer_offsets-32 into 0 with deletion horizon 0, retaining deletes. (kafka.log.LogCleaner)
[2023-09-15 19:28:11,194] INFO Cleaner 0: Swapping in cleaned segment LogSegment(baseOffset=0, size=104, lastModifiedTime=1691774935194, largestTime=1691774935192) for segment(s) List(LogSegment(baseOffset=0, size=555, lastModifiedTime=1691774935194, largestTime=1691774935192)) in log Log(dir=F:\tmp\kafka-logs\__consumer_offsets-32, topic=__consumer_offsets, partition=32, highWatermark=4, lastStableOffset=4, logStartOffset=0, logEndOffset=4) (kafka.log.LogCleaner)
[2023-09-18 16:20:49,052] INFO Starting the log cleaner (kafka.log.LogCleaner)
[2023-09-18 16:20:49,122] INFO [kafka-log-cleaner-thread-0]: Starting (kafka.log.LogCleaner)
[2023-09-18 16:20:49,192] INFO Cleaner 0: Beginning cleaning of log __consumer_offsets-32. (kafka.log.LogCleaner)
[2023-09-18 16:20:49,192] INFO Cleaner 0: Building offset map for __consumer_offsets-32... (kafka.log.LogCleaner)
[2023-09-18 16:20:49,231] INFO Cleaner 0: Building offset map for log __consumer_offsets-32 for 1 segments in offset range [0, 3). (kafka.log.LogCleaner)
[2023-09-18 16:20:49,276] INFO Cleaner 0: Offset map for log __consumer_offsets-32 complete. (kafka.log.LogCleaner)
[2023-09-18 16:20:49,285] INFO Cleaner 0: Cleaning log __consumer_offsets-32 (cleaning prior to Sat Aug 12 01:28:55 CST 2023, discarding tombstones prior to Thu Jan 01 08:00:00 CST 1970)... (kafka.log.LogCleaner)
[2023-09-18 16:20:49,295] INFO Cleaner 0: Cleaning LogSegment(baseOffset=0, size=555, lastModifiedTime=1691774935194, largestTime=1691774935192) in log __consumer_offsets-32 into 0 with deletion horizon 0, retaining deletes. (kafka.log.LogCleaner)
[2023-09-18 16:20:49,424] INFO Cleaner 0: Swapping in cleaned segment LogSegment(baseOffset=0, size=104, lastModifiedTime=1691774935194, largestTime=1691774935192) for segment(s) List(LogSegment(baseOffset=0, size=555, lastModifiedTime=1691774935194, largestTime=1691774935192)) in log Log(dir=F:\tmp\kafka-logs\__consumer_offsets-32, topic=__consumer_offsets, partition=32, highWatermark=0, lastStableOffset=0, logStartOffset=0, logEndOffset=4) (kafka.log.LogCleaner)
[2023-09-18 16:20:49,590] INFO Cleaner 0: Beginning cleaning of log __consumer_offsets-32. (kafka.log.LogCleaner)
[2023-09-18 16:20:49,590] INFO Cleaner 0: Building offset map for __consumer_offsets-32... (kafka.log.LogCleaner)
[2023-09-18 16:20:49,610] INFO Cleaner 0: Building offset map for log __consumer_offsets-32 for 1 segments in offset range [0, 3). (kafka.log.LogCleaner)
[2023-09-18 16:20:49,611] INFO Cleaner 0: Offset map for log __consumer_offsets-32 complete. (kafka.log.LogCleaner)
[2023-09-18 16:20:49,611] INFO Cleaner 0: Cleaning log __consumer_offsets-32 (cleaning prior to Sat Aug 12 01:28:55 CST 2023, discarding tombstones prior to Thu Jan 01 08:00:00 CST 1970)... (kafka.log.LogCleaner)
[2023-09-18 16:20:49,643] INFO Cleaner 0: Beginning cleaning of log __consumer_offsets-32. (kafka.log.LogCleaner)
[2023-09-18 16:20:49,643] INFO Cleaner 0: Building offset map for __consumer_offsets-32... (kafka.log.LogCleaner)
[2023-09-18 16:20:49,656] INFO Cleaner 0: Building offset map for log __consumer_offsets-32 for 1 segments in offset range [0, 3). (kafka.log.LogCleaner)
[2023-09-18 16:20:49,657] INFO Cleaner 0: Offset map for log __consumer_offsets-32 complete. (kafka.log.LogCleaner)
[2023-09-18 16:20:49,657] INFO Cleaner 0: Cleaning log __consumer_offsets-32 (cleaning prior to Sat Aug 12 01:28:55 CST 2023, discarding tombstones prior to Thu Jan 01 08:00:00 CST 1970)... (kafka.log.LogCleaner)
[2023-09-18 16:20:49,699] INFO Cleaner 0: Beginning cleaning of log __consumer_offsets-32. (kafka.log.LogCleaner)
[2023-09-18 16:20:49,699] INFO Cleaner 0: Building offset map for __consumer_offsets-32... (kafka.log.LogCleaner)
[2023-09-18 16:20:49,712] INFO Cleaner 0: Building offset map for log __consumer_offsets-32 for 1 segments in offset range [0, 3). (kafka.log.LogCleaner)
[2023-09-18 16:20:49,712] INFO Cleaner 0: Offset map for log __consumer_offsets-32 complete. (kafka.log.LogCleaner)
[2023-09-18 16:20:49,713] INFO Cleaner 0: Cleaning log __consumer_offsets-32 (cleaning prior to Sat Aug 12 01:28:55 CST 2023, discarding tombstones prior to Thu Jan 01 08:00:00 CST 1970)... (kafka.log.LogCleaner)
[2023-09-18 16:20:49,785] INFO Cleaner 0: Beginning cleaning of log __consumer_offsets-32. (kafka.log.LogCleaner)
[2023-09-18 16:20:49,785] INFO Cleaner 0: Building offset map for __consumer_offsets-32... (kafka.log.LogCleaner)
[2023-09-18 16:20:49,798] INFO Cleaner 0: Building offset map for log __consumer_offsets-32 for 1 segments in offset range [0, 3). (kafka.log.LogCleaner)
[2023-09-18 16:20:49,798] INFO Cleaner 0: Offset map for log __consumer_offsets-32 complete. (kafka.log.LogCleaner)
[2023-09-18 16:20:49,799] INFO Cleaner 0: Cleaning log __consumer_offsets-32 (cleaning prior to Sat Aug 12 01:28:55 CST 2023, discarding tombstones prior to Thu Jan 01 08:00:00 CST 1970)... (kafka.log.LogCleaner)
[2023-09-18 16:20:49,857] INFO Cleaner 0: Beginning cleaning of log __consumer_offsets-32. (kafka.log.LogCleaner)
[2023-09-18 16:20:49,857] INFO Cleaner 0: Building offset map for __consumer_offsets-32... (kafka.log.LogCleaner)
[2023-09-18 16:20:49,870] INFO Cleaner 0: Building offset map for log __consumer_offsets-32 for 1 segments in offset range [0, 3). (kafka.log.LogCleaner)
[2023-09-18 16:20:49,871] INFO Cleaner 0: Offset map for log __consumer_offsets-32 complete. (kafka.log.LogCleaner)
[2023-09-18 16:20:49,871] INFO Cleaner 0: Cleaning log __consumer_offsets-32 (cleaning prior to Sat Aug 12 01:28:55 CST 2023, discarding tombstones prior to Thu Jan 01 08:00:00 CST 1970)... (kafka.log.LogCleaner)
[2023-09-18 16:20:49,959] INFO Cleaner 0: Beginning cleaning of log __consumer_offsets-32. (kafka.log.LogCleaner)
[2023-09-18 16:20:49,959] INFO Cleaner 0: Building offset map for __consumer_offsets-32... (kafka.log.LogCleaner)
[2023-09-18 16:20:49,975] INFO Cleaner 0: Building offset map for log __consumer_offsets-32 for 1 segments in offset range [0, 3). (kafka.log.LogCleaner)
[2023-09-18 16:20:49,975] INFO Cleaner 0: Offset map for log __consumer_offsets-32 complete. (kafka.log.LogCleaner)
[2023-09-18 16:20:49,975] INFO Cleaner 0: Cleaning log __consumer_offsets-32 (cleaning prior to Sat Aug 12 01:28:55 CST 2023, discarding tombstones prior to Thu Jan 01 08:00:00 CST 1970)... (kafka.log.LogCleaner)
[2023-09-18 16:20:50,068] INFO Cleaner 0: Beginning cleaning of log __consumer_offsets-32. (kafka.log.LogCleaner)
[2023-09-18 16:20:50,068] INFO Cleaner 0: Building offset map for __consumer_offsets-32... (kafka.log.LogCleaner)
[2023-09-18 16:20:50,082] INFO Cleaner 0: Building offset map for log __consumer_offsets-32 for 1 segments in offset range [0, 3). (kafka.log.LogCleaner)
[2023-09-18 16:20:50,082] INFO Cleaner 0: Offset map for log __consumer_offsets-32 complete. (kafka.log.LogCleaner)
[2023-09-18 16:20:50,083] INFO Cleaner 0: Cleaning log __consumer_offsets-32 (cleaning prior to Sat Aug 12 01:28:55 CST 2023, discarding tombstones prior to Thu Jan 01 08:00:00 CST 1970)... (kafka.log.LogCleaner)
[2023-09-18 16:20:50,176] INFO Cleaner 0: Beginning cleaning of log __consumer_offsets-32. (kafka.log.LogCleaner)
[2023-09-18 16:20:50,176] INFO Cleaner 0: Building offset map for __consumer_offsets-32... (kafka.log.LogCleaner)
[2023-09-18 16:20:50,191] INFO Cleaner 0: Building offset map for log __consumer_offsets-32 for 1 segments in offset range [0, 3). (kafka.log.LogCleaner)
[2023-09-18 16:20:50,191] INFO Cleaner 0: Offset map for log __consumer_offsets-32 complete. (kafka.log.LogCleaner)
[2023-09-18 16:20:50,192] INFO Cleaner 0: Cleaning log __consumer_offsets-32 (cleaning prior to Sat Aug 12 01:28:55 CST 2023, discarding tombstones prior to Thu Jan 01 08:00:00 CST 1970)... (kafka.log.LogCleaner)
[2023-09-18 16:20:50,279] INFO Cleaner 0: Beginning cleaning of log __consumer_offsets-32. (kafka.log.LogCleaner)
[2023-09-18 16:20:50,279] INFO Cleaner 0: Building offset map for __consumer_offsets-32... (kafka.log.LogCleaner)
[2023-09-18 16:22:57,369] INFO Starting the log cleaner (kafka.log.LogCleaner)
[2023-09-18 16:22:57,425] INFO [kafka-log-cleaner-thread-0]: Starting (kafka.log.LogCleaner)
[2023-09-18 16:22:57,444] INFO Cleaner 0: Beginning cleaning of log __consumer_offsets-32. (kafka.log.LogCleaner)
[2023-09-18 16:22:57,444] INFO Cleaner 0: Building offset map for __consumer_offsets-32... (kafka.log.LogCleaner)
[2023-09-18 16:22:57,466] INFO Cleaner 0: Building offset map for log __consumer_offsets-32 for 1 segments in offset range [0, 3). (kafka.log.LogCleaner)
[2023-09-18 16:22:57,488] INFO Cleaner 0: Offset map for log __consumer_offsets-32 complete. (kafka.log.LogCleaner)
[2023-09-18 16:22:57,496] INFO Cleaner 0: Cleaning log __consumer_offsets-32 (cleaning prior to Sat Aug 12 01:28:55 CST 2023, discarding tombstones prior to Thu Jan 01 08:00:00 CST 1970)... (kafka.log.LogCleaner)
[2023-09-18 16:22:57,503] INFO Cleaner 0: Cleaning LogSegment(baseOffset=0, size=555, lastModifiedTime=1691774935194, largestTime=1691774935192) in log __consumer_offsets-32 into 0 with deletion horizon 0, retaining deletes. (kafka.log.LogCleaner)
[2023-09-18 16:22:57,602] INFO Cleaner 0: Swapping in cleaned segment LogSegment(baseOffset=0, size=104, lastModifiedTime=1691774935194, largestTime=1691774935192) for segment(s) List(LogSegment(baseOffset=0, size=555, lastModifiedTime=1691774935194, largestTime=1691774935192)) in log Log(dir=F:\tmp\kafka-logs\__consumer_offsets-32, topic=__consumer_offsets, partition=32, highWatermark=0, lastStableOffset=0, logStartOffset=0, logEndOffset=4) (kafka.log.LogCleaner)
[2023-09-18 16:22:57,653] INFO Cleaner 0: Beginning cleaning of log __consumer_offsets-32. (kafka.log.LogCleaner)
[2023-09-18 16:22:57,653] INFO Cleaner 0: Building offset map for __consumer_offsets-32... (kafka.log.LogCleaner)
[2023-09-18 16:22:57,678] INFO Cleaner 0: Building offset map for log __consumer_offsets-32 for 1 segments in offset range [0, 3). (kafka.log.LogCleaner)
[2023-09-18 16:22:57,679] INFO Cleaner 0: Offset map for log __consumer_offsets-32 complete. (kafka.log.LogCleaner)
[2023-09-18 16:22:57,679] INFO Cleaner 0: Cleaning log __consumer_offsets-32 (cleaning prior to Sat Aug 12 01:28:55 CST 2023, discarding tombstones prior to Thu Jan 01 08:00:00 CST 1970)... (kafka.log.LogCleaner)
[2023-09-18 16:26:09,569] INFO Starting the log cleaner (kafka.log.LogCleaner)
[2023-09-18 16:26:09,621] INFO [kafka-log-cleaner-thread-0]: Starting (kafka.log.LogCleaner)
[2023-09-18 16:26:09,646] INFO Cleaner 0: Beginning cleaning of log __consumer_offsets-32. (kafka.log.LogCleaner)
[2023-09-18 16:26:09,646] INFO Cleaner 0: Building offset map for __consumer_offsets-32... (kafka.log.LogCleaner)
[2023-09-18 16:26:09,670] INFO Cleaner 0: Building offset map for log __consumer_offsets-32 for 1 segments in offset range [0, 3). (kafka.log.LogCleaner)
[2023-09-18 16:26:09,691] INFO Cleaner 0: Offset map for log __consumer_offsets-32 complete. (kafka.log.LogCleaner)
[2023-09-18 16:26:09,699] INFO Cleaner 0: Cleaning log __consumer_offsets-32 (cleaning prior to Sat Aug 12 01:28:55 CST 2023, discarding tombstones prior to Thu Jan 01 08:00:00 CST 1970)... (kafka.log.LogCleaner)
[2023-09-18 16:26:09,704] INFO Cleaner 0: Cleaning LogSegment(baseOffset=0, size=555, lastModifiedTime=1691774935194, largestTime=1691774935192) in log __consumer_offsets-32 into 0 with deletion horizon 0, retaining deletes. (kafka.log.LogCleaner)
[2023-09-18 16:26:09,812] INFO Cleaner 0: Swapping in cleaned segment LogSegment(baseOffset=0, size=104, lastModifiedTime=1691774935194, largestTime=1691774935192) for segment(s) List(LogSegment(baseOffset=0, size=555, lastModifiedTime=1691774935194, largestTime=1691774935192)) in log Log(dir=F:\tmp\kafka-logs\__consumer_offsets-32, topic=__consumer_offsets, partition=32, highWatermark=0, lastStableOffset=0, logStartOffset=0, logEndOffset=4) (kafka.log.LogCleaner)
[2023-09-18 16:26:09,881] INFO Cleaner 0: Beginning cleaning of log __consumer_offsets-32. (kafka.log.LogCleaner)
[2023-09-18 16:26:09,881] INFO Cleaner 0: Building offset map for __consumer_offsets-32... (kafka.log.LogCleaner)
[2023-09-18 16:31:57,807] INFO Starting the log cleaner (kafka.log.LogCleaner)
[2023-09-18 16:31:57,863] INFO [kafka-log-cleaner-thread-0]: Starting (kafka.log.LogCleaner)
[2023-09-18 19:08:33,918] INFO Starting the log cleaner (kafka.log.LogCleaner)
[2023-09-18 19:08:33,971] INFO [kafka-log-cleaner-thread-0]: Starting (kafka.log.LogCleaner)
[2023-09-18 19:08:35,039] INFO Shutting down the log cleaner. (kafka.log.LogCleaner)
[2023-09-18 19:08:35,039] INFO [kafka-log-cleaner-thread-0]: Shutting down (kafka.log.LogCleaner)
[2023-09-18 19:08:35,040] INFO [kafka-log-cleaner-thread-0]: Stopped (kafka.log.LogCleaner)
[2023-09-18 19:08:35,040] INFO [kafka-log-cleaner-thread-0]: Shutdown completed (kafka.log.LogCleaner)
[2023-09-18 19:09:41,332] INFO Starting the log cleaner (kafka.log.LogCleaner)
[2023-09-18 19:09:41,393] INFO [kafka-log-cleaner-thread-0]: Starting (kafka.log.LogCleaner)
[2023-09-18 21:15:03,766] INFO Starting the log cleaner (kafka.log.LogCleaner)
[2023-09-18 21:15:03,815] INFO [kafka-log-cleaner-thread-0]: Starting (kafka.log.LogCleaner)
[2023-09-18 21:27:31,627] INFO Starting the log cleaner (kafka.log.LogCleaner)
[2023-09-18 21:27:31,679] INFO [kafka-log-cleaner-thread-0]: Starting (kafka.log.LogCleaner)
[2023-09-18 21:27:32,712] INFO Shutting down the log cleaner. (kafka.log.LogCleaner)
[2023-09-18 21:27:32,712] INFO [kafka-log-cleaner-thread-0]: Shutting down (kafka.log.LogCleaner)
[2023-09-18 21:27:32,712] INFO [kafka-log-cleaner-thread-0]: Stopped (kafka.log.LogCleaner)
[2023-09-18 21:27:32,712] INFO [kafka-log-cleaner-thread-0]: Shutdown completed (kafka.log.LogCleaner)
[2023-09-18 21:34:08,547] INFO Starting the log cleaner (kafka.log.LogCleaner)
[2023-09-18 21:34:08,606] INFO [kafka-log-cleaner-thread-0]: Starting (kafka.log.LogCleaner)
[2023-09-18 21:34:49,301] INFO Starting the log cleaner (kafka.log.LogCleaner)
[2023-09-18 21:34:49,350] INFO [kafka-log-cleaner-thread-0]: Starting (kafka.log.LogCleaner)
[2023-09-18 21:34:50,403] INFO Shutting down the log cleaner. (kafka.log.LogCleaner)
[2023-09-18 21:34:50,403] INFO [kafka-log-cleaner-thread-0]: Shutting down (kafka.log.LogCleaner)
[2023-09-18 21:34:50,403] INFO [kafka-log-cleaner-thread-0]: Stopped (kafka.log.LogCleaner)
[2023-09-18 21:34:50,403] INFO [kafka-log-cleaner-thread-0]: Shutdown completed (kafka.log.LogCleaner)
[2023-09-18 21:35:38,394] INFO Starting the log cleaner (kafka.log.LogCleaner)
[2023-09-18 21:35:38,445] INFO [kafka-log-cleaner-thread-0]: Starting (kafka.log.LogCleaner)
[2023-09-18 21:40:10,163] INFO Starting the log cleaner (kafka.log.LogCleaner)
[2023-09-18 21:40:10,211] INFO [kafka-log-cleaner-thread-0]: Starting (kafka.log.LogCleaner)
[2023-09-18 21:40:11,244] INFO Shutting down the log cleaner. (kafka.log.LogCleaner)
[2023-09-18 21:40:11,244] INFO [kafka-log-cleaner-thread-0]: Shutting down (kafka.log.LogCleaner)
[2023-09-18 21:40:11,244] INFO [kafka-log-cleaner-thread-0]: Stopped (kafka.log.LogCleaner)
[2023-09-18 21:40:11,244] INFO [kafka-log-cleaner-thread-0]: Shutdown completed (kafka.log.LogCleaner)
[2023-09-18 21:40:22,009] INFO Starting the log cleaner (kafka.log.LogCleaner)
[2023-09-18 21:40:22,062] INFO [kafka-log-cleaner-thread-0]: Starting (kafka.log.LogCleaner)
[2023-09-18 21:42:49,262] INFO Starting the log cleaner (kafka.log.LogCleaner)
[2023-09-18 21:42:49,307] INFO [kafka-log-cleaner-thread-0]: Starting (kafka.log.LogCleaner)
[2023-09-18 21:42:50,347] INFO Shutting down the log cleaner. (kafka.log.LogCleaner)
[2023-09-18 21:42:50,347] INFO [kafka-log-cleaner-thread-0]: Shutting down (kafka.log.LogCleaner)
[2023-09-18 21:42:50,349] INFO [kafka-log-cleaner-thread-0]: Stopped (kafka.log.LogCleaner)
[2023-09-18 21:42:50,349] INFO [kafka-log-cleaner-thread-0]: Shutdown completed (kafka.log.LogCleaner)
[2023-09-18 22:12:52,263] INFO Starting the log cleaner (kafka.log.LogCleaner)
[2023-09-18 22:12:52,320] INFO [kafka-log-cleaner-thread-0]: Starting (kafka.log.LogCleaner)
[2023-09-19 11:11:51,095] INFO Starting the log cleaner (kafka.log.LogCleaner)
[2023-09-19 11:11:51,209] INFO [kafka-log-cleaner-thread-0]: Starting (kafka.log.LogCleaner)
[2023-09-19 11:14:01,796] INFO Starting the log cleaner (kafka.log.LogCleaner)
[2023-09-19 11:14:01,846] INFO [kafka-log-cleaner-thread-0]: Starting (kafka.log.LogCleaner)
[2023-09-19 11:14:02,895] INFO Shutting down the log cleaner. (kafka.log.LogCleaner)
[2023-09-19 11:14:02,895] INFO [kafka-log-cleaner-thread-0]: Shutting down (kafka.log.LogCleaner)
[2023-09-19 11:14:02,895] INFO [kafka-log-cleaner-thread-0]: Stopped (kafka.log.LogCleaner)
[2023-09-19 11:14:02,895] INFO [kafka-log-cleaner-thread-0]: Shutdown completed (kafka.log.LogCleaner)
[2023-09-19 11:15:04,775] INFO Starting the log cleaner (kafka.log.LogCleaner)
[2023-09-19 11:15:04,825] INFO [kafka-log-cleaner-thread-0]: Starting (kafka.log.LogCleaner)
[2023-09-19 11:17:04,869] INFO Starting the log cleaner (kafka.log.LogCleaner)
[2023-09-19 11:17:04,927] INFO [kafka-log-cleaner-thread-0]: Starting (kafka.log.LogCleaner)
[2023-09-19 11:17:05,986] INFO Shutting down the log cleaner. (kafka.log.LogCleaner)
[2023-09-19 11:17:05,986] INFO [kafka-log-cleaner-thread-0]: Shutting down (kafka.log.LogCleaner)
[2023-09-19 11:17:05,987] INFO [kafka-log-cleaner-thread-0]: Stopped (kafka.log.LogCleaner)
[2023-09-19 11:17:05,988] INFO [kafka-log-cleaner-thread-0]: Shutdown completed (kafka.log.LogCleaner)
[2023-09-19 11:18:02,255] INFO Starting the log cleaner (kafka.log.LogCleaner)
[2023-09-19 11:18:02,312] INFO [kafka-log-cleaner-thread-0]: Starting (kafka.log.LogCleaner)
[2023-09-19 14:43:52,129] INFO Starting the log cleaner (kafka.log.LogCleaner)
[2023-09-19 14:43:52,186] INFO [kafka-log-cleaner-thread-0]: Starting (kafka.log.LogCleaner)
[2023-09-19 14:43:53,231] INFO Shutting down the log cleaner. (kafka.log.LogCleaner)
[2023-09-19 14:43:53,231] INFO [kafka-log-cleaner-thread-0]: Shutting down (kafka.log.LogCleaner)
[2023-09-19 14:43:53,232] INFO [kafka-log-cleaner-thread-0]: Stopped (kafka.log.LogCleaner)
[2023-09-19 14:43:53,232] INFO [kafka-log-cleaner-thread-0]: Shutdown completed (kafka.log.LogCleaner)
[2023-09-19 14:44:40,663] INFO Starting the log cleaner (kafka.log.LogCleaner)
[2023-09-19 14:44:40,712] INFO [kafka-log-cleaner-thread-0]: Starting (kafka.log.LogCleaner)
[2023-09-19 16:48:11,121] INFO Starting the log cleaner (kafka.log.LogCleaner)
[2023-09-19 16:48:11,172] INFO [kafka-log-cleaner-thread-0]: Starting (kafka.log.LogCleaner)
[2023-09-19 17:43:19,027] INFO Starting the log cleaner (kafka.log.LogCleaner)
[2023-09-19 17:43:19,170] INFO [kafka-log-cleaner-thread-0]: Starting (kafka.log.LogCleaner)
[2023-09-20 01:42:08,206] INFO Starting the log cleaner (kafka.log.LogCleaner)
[2023-09-20 01:42:08,265] INFO [kafka-log-cleaner-thread-0]: Starting (kafka.log.LogCleaner)
[2023-09-20 01:51:45,132] INFO Starting the log cleaner (kafka.log.LogCleaner)
[2023-09-20 01:51:45,184] INFO [kafka-log-cleaner-thread-0]: Starting (kafka.log.LogCleaner)
[2023-09-20 01:59:29,634] INFO Starting the log cleaner (kafka.log.LogCleaner)
[2023-09-20 01:59:29,681] INFO [kafka-log-cleaner-thread-0]: Starting (kafka.log.LogCleaner)
[2023-09-20 01:59:30,710] INFO Shutting down the log cleaner. (kafka.log.LogCleaner)
[2023-09-20 01:59:30,710] INFO [kafka-log-cleaner-thread-0]: Shutting down (kafka.log.LogCleaner)
[2023-09-20 01:59:30,710] INFO [kafka-log-cleaner-thread-0]: Stopped (kafka.log.LogCleaner)
[2023-09-20 01:59:30,710] INFO [kafka-log-cleaner-thread-0]: Shutdown completed (kafka.log.LogCleaner)
[2023-09-20 01:59:43,092] INFO Starting the log cleaner (kafka.log.LogCleaner)
[2023-09-20 01:59:43,140] INFO [kafka-log-cleaner-thread-0]: Starting (kafka.log.LogCleaner)
[2023-09-20 02:17:02,657] INFO Starting the log cleaner (kafka.log.LogCleaner)
[2023-09-20 02:17:02,708] INFO [kafka-log-cleaner-thread-0]: Starting (kafka.log.LogCleaner)
[2023-09-20 02:17:03,734] INFO Shutting down the log cleaner. (kafka.log.LogCleaner)
[2023-09-20 02:17:03,734] INFO [kafka-log-cleaner-thread-0]: Shutting down (kafka.log.LogCleaner)
[2023-09-20 02:17:03,734] INFO [kafka-log-cleaner-thread-0]: Stopped (kafka.log.LogCleaner)
[2023-09-20 02:17:03,734] INFO [kafka-log-cleaner-thread-0]: Shutdown completed (kafka.log.LogCleaner)
[2023-09-20 02:17:19,287] INFO Starting the log cleaner (kafka.log.LogCleaner)
[2023-09-20 02:17:19,339] INFO [kafka-log-cleaner-thread-0]: Starting (kafka.log.LogCleaner)
[2023-09-23 09:55:33,055] INFO Starting the log cleaner (kafka.log.LogCleaner)
[2023-09-23 09:55:33,151] INFO [kafka-log-cleaner-thread-0]: Starting (kafka.log.LogCleaner)
[2023-09-23 16:30:56,780] INFO Starting the log cleaner (kafka.log.LogCleaner)
[2023-09-23 16:30:56,837] INFO [kafka-log-cleaner-thread-0]: Starting (kafka.log.LogCleaner)
[2023-09-23 17:18:45,557] INFO Starting the log cleaner (kafka.log.LogCleaner)
[2023-09-23 17:18:45,610] INFO [kafka-log-cleaner-thread-0]: Starting (kafka.log.LogCleaner)
[2023-09-26 10:06:41,773] INFO Starting the log cleaner (kafka.log.LogCleaner)
[2023-09-26 10:06:41,888] INFO [kafka-log-cleaner-thread-0]: Starting (kafka.log.LogCleaner)
[2023-10-17 14:31:53,365] INFO Starting the log cleaner (kafka.log.LogCleaner)
[2023-10-17 14:31:53,472] INFO [kafka-log-cleaner-thread-0]: Starting (kafka.log.LogCleaner)
[2023-10-17 14:39:17,012] INFO Starting the log cleaner (kafka.log.LogCleaner)
[2023-10-17 14:39:17,068] INFO [kafka-log-cleaner-thread-0]: Starting (kafka.log.LogCleaner)
[2023-10-17 14:47:33,746] INFO Starting the log cleaner (kafka.log.LogCleaner)
[2023-10-17 14:47:33,817] INFO [kafka-log-cleaner-thread-0]: Starting (kafka.log.LogCleaner)
[2023-10-17 14:49:48,603] INFO Starting the log cleaner (kafka.log.LogCleaner)
[2023-10-17 14:49:48,656] INFO [kafka-log-cleaner-thread-0]: Starting (kafka.log.LogCleaner)
[2023-10-17 14:49:49,515] INFO Shutting down the log cleaner. (kafka.log.LogCleaner)
[2023-10-17 14:49:49,516] INFO [kafka-log-cleaner-thread-0]: Shutting down (kafka.log.LogCleaner)
[2023-10-17 14:49:49,516] INFO [kafka-log-cleaner-thread-0]: Stopped (kafka.log.LogCleaner)
[2023-10-17 14:49:49,516] INFO [kafka-log-cleaner-thread-0]: Shutdown completed (kafka.log.LogCleaner)
[2023-10-17 14:50:51,987] INFO Starting the log cleaner (kafka.log.LogCleaner)
[2023-10-17 14:50:52,046] INFO [kafka-log-cleaner-thread-0]: Starting (kafka.log.LogCleaner)
[2023-10-17 14:54:25,762] INFO Starting the log cleaner (kafka.log.LogCleaner)
[2023-10-17 14:54:25,822] INFO [kafka-log-cleaner-thread-0]: Starting (kafka.log.LogCleaner)
[2023-10-17 15:06:22,509] INFO Starting the log cleaner (kafka.log.LogCleaner)
[2023-10-17 15:06:22,566] INFO [kafka-log-cleaner-thread-0]: Starting (kafka.log.LogCleaner)
[2023-10-17 15:06:23,602] INFO Shutting down the log cleaner. (kafka.log.LogCleaner)
[2023-10-17 15:06:23,604] INFO [kafka-log-cleaner-thread-0]: Shutting down (kafka.log.LogCleaner)
[2023-10-17 15:06:23,604] INFO [kafka-log-cleaner-thread-0]: Stopped (kafka.log.LogCleaner)
[2023-10-17 15:06:23,604] INFO [kafka-log-cleaner-thread-0]: Shutdown completed (kafka.log.LogCleaner)
[2023-10-17 15:07:31,156] INFO Starting the log cleaner (kafka.log.LogCleaner)
[2023-10-17 15:07:31,213] INFO [kafka-log-cleaner-thread-0]: Starting (kafka.log.LogCleaner)
[2023-10-17 15:09:35,220] INFO Starting the log cleaner (kafka.log.LogCleaner)
[2023-10-17 15:09:35,365] INFO [kafka-log-cleaner-thread-0]: Starting (kafka.log.LogCleaner)
[2023-10-17 15:11:13,544] INFO Starting the log cleaner (kafka.log.LogCleaner)
[2023-10-17 15:11:13,602] INFO [kafka-log-cleaner-thread-0]: Starting (kafka.log.LogCleaner)
[2023-10-17 15:11:14,661] INFO Shutting down the log cleaner. (kafka.log.LogCleaner)
[2023-10-17 15:11:14,662] INFO [kafka-log-cleaner-thread-0]: Shutting down (kafka.log.LogCleaner)
[2023-10-17 15:11:14,662] INFO [kafka-log-cleaner-thread-0]: Stopped (kafka.log.LogCleaner)
[2023-10-17 15:11:14,662] INFO [kafka-log-cleaner-thread-0]: Shutdown completed (kafka.log.LogCleaner)
[2023-10-17 15:13:46,970] INFO Starting the log cleaner (kafka.log.LogCleaner)
[2023-10-17 15:13:47,030] INFO [kafka-log-cleaner-thread-0]: Starting (kafka.log.LogCleaner)
[2023-10-17 15:15:38,564] INFO Starting the log cleaner (kafka.log.LogCleaner)
[2023-10-17 15:15:38,621] INFO [kafka-log-cleaner-thread-0]: Starting (kafka.log.LogCleaner)
[2023-10-17 15:21:50,250] INFO Starting the log cleaner (kafka.log.LogCleaner)
[2023-10-17 15:21:50,304] INFO [kafka-log-cleaner-thread-0]: Starting (kafka.log.LogCleaner)
[2023-10-17 15:22:35,384] INFO Cleaner 0: Beginning cleaning of log __consumer_offsets-44. (kafka.log.LogCleaner)
[2023-10-17 15:22:35,384] INFO Cleaner 0: Building offset map for __consumer_offsets-44... (kafka.log.LogCleaner)
[2023-10-17 15:22:35,431] INFO Cleaner 0: Building offset map for log __consumer_offsets-44 for 1 segments in offset range [0, 3). (kafka.log.LogCleaner)
[2023-10-17 15:22:35,447] INFO Cleaner 0: Offset map for log __consumer_offsets-44 complete. (kafka.log.LogCleaner)
[2023-10-17 15:22:35,448] INFO Cleaner 0: Cleaning log __consumer_offsets-44 (cleaning prior to Tue Sep 19 11:28:02 CST 2023, discarding tombstones prior to Thu Jan 01 08:00:00 CST 1970)... (kafka.log.LogCleaner)
[2023-10-17 15:22:35,452] INFO Cleaner 0: Cleaning LogSegment(baseOffset=0, size=575, lastModifiedTime=1695094082827, largestTime=1695094082825) in log __consumer_offsets-44 into 0 with deletion horizon 0, retaining deletes. (kafka.log.LogCleaner)
[2023-10-17 15:22:35,544] INFO Cleaner 0: Swapping in cleaned segment LogSegment(baseOffset=0, size=108, lastModifiedTime=1695094082827, largestTime=1695094082825) for segment(s) List(LogSegment(baseOffset=0, size=575, lastModifiedTime=1695094082827, largestTime=1695094082825)) in log Log(dir=F:\tmp\kafka-logs\__consumer_offsets-44, topic=__consumer_offsets, partition=44, highWatermark=4, lastStableOffset=4, logStartOffset=0, logEndOffset=4) (kafka.log.LogCleaner)
[2023-10-17 15:22:35,582] INFO Cleaner 0: Beginning cleaning of log __consumer_offsets-44. (kafka.log.LogCleaner)
[2023-10-17 15:22:35,582] INFO Cleaner 0: Building offset map for __consumer_offsets-44... (kafka.log.LogCleaner)
[2023-10-17 15:40:02,421] INFO Starting the log cleaner (kafka.log.LogCleaner)
[2023-10-17 15:40:02,481] INFO [kafka-log-cleaner-thread-0]: Starting (kafka.log.LogCleaner)
[2023-10-17 15:40:02,511] INFO Cleaner 0: Beginning cleaning of log __consumer_offsets-44. (kafka.log.LogCleaner)
[2023-10-17 15:40:02,511] INFO Cleaner 0: Building offset map for __consumer_offsets-44... (kafka.log.LogCleaner)
[2023-10-17 15:40:02,533] INFO Cleaner 0: Building offset map for log __consumer_offsets-44 for 1 segments in offset range [0, 3). (kafka.log.LogCleaner)
[2023-10-17 15:40:02,557] INFO Cleaner 0: Offset map for log __consumer_offsets-44 complete. (kafka.log.LogCleaner)
[2023-10-17 15:40:02,562] INFO Cleaner 0: Cleaning log __consumer_offsets-44 (cleaning prior to Tue Sep 19 11:28:02 CST 2023, discarding tombstones prior to Thu Jan 01 08:00:00 CST 1970)... (kafka.log.LogCleaner)
[2023-10-17 15:40:02,567] INFO Cleaner 0: Cleaning LogSegment(baseOffset=0, size=575, lastModifiedTime=1695094082827, largestTime=1695094082825) in log __consumer_offsets-44 into 0 with deletion horizon 0, retaining deletes. (kafka.log.LogCleaner)
[2023-10-17 15:40:02,623] INFO Cleaner 0: Swapping in cleaned segment LogSegment(baseOffset=0, size=108, lastModifiedTime=1695094082827, largestTime=1695094082825) for segment(s) List(LogSegment(baseOffset=0, size=575, lastModifiedTime=1695094082827, largestTime=1695094082825)) in log Log(dir=F:\tmp\kafka-logs\__consumer_offsets-44, topic=__consumer_offsets, partition=44, highWatermark=0, lastStableOffset=0, logStartOffset=0, logEndOffset=4) (kafka.log.LogCleaner)
[2023-10-17 15:40:02,671] INFO Cleaner 0: Beginning cleaning of log __consumer_offsets-44. (kafka.log.LogCleaner)
[2023-10-17 15:40:02,671] INFO Cleaner 0: Building offset map for __consumer_offsets-44... (kafka.log.LogCleaner)
[2023-10-17 15:40:52,851] INFO Starting the log cleaner (kafka.log.LogCleaner)
[2023-10-17 15:40:52,916] INFO [kafka-log-cleaner-thread-0]: Starting (kafka.log.LogCleaner)
[2023-10-17 15:40:52,933] INFO Cleaner 0: Beginning cleaning of log __consumer_offsets-44. (kafka.log.LogCleaner)
[2023-10-17 15:40:52,933] INFO Cleaner 0: Building offset map for __consumer_offsets-44... (kafka.log.LogCleaner)
[2023-10-17 15:40:52,958] INFO Cleaner 0: Building offset map for log __consumer_offsets-44 for 1 segments in offset range [0, 3). (kafka.log.LogCleaner)
[2023-10-17 15:40:52,977] INFO Cleaner 0: Offset map for log __consumer_offsets-44 complete. (kafka.log.LogCleaner)
[2023-10-17 15:40:52,984] INFO Cleaner 0: Cleaning log __consumer_offsets-44 (cleaning prior to Tue Sep 19 11:28:02 CST 2023, discarding tombstones prior to Thu Jan 01 08:00:00 CST 1970)... (kafka.log.LogCleaner)
[2023-10-17 15:40:52,988] INFO Cleaner 0: Cleaning LogSegment(baseOffset=0, size=575, lastModifiedTime=1695094082827, largestTime=1695094082825) in log __consumer_offsets-44 into 0 with deletion horizon 0, retaining deletes. (kafka.log.LogCleaner)
[2023-10-17 15:40:53,067] INFO Cleaner 0: Swapping in cleaned segment LogSegment(baseOffset=0, size=108, lastModifiedTime=1695094082827, largestTime=1695094082825) for segment(s) List(LogSegment(baseOffset=0, size=575, lastModifiedTime=1695094082827, largestTime=1695094082825)) in log Log(dir=F:\tmp\kafka-logs\__consumer_offsets-44, topic=__consumer_offsets, partition=44, highWatermark=0, lastStableOffset=0, logStartOffset=0, logEndOffset=4) (kafka.log.LogCleaner)
[2023-10-17 15:40:53,111] INFO Cleaner 0: Beginning cleaning of log __consumer_offsets-44. (kafka.log.LogCleaner)
[2023-10-17 15:40:53,111] INFO Cleaner 0: Building offset map for __consumer_offsets-44... (kafka.log.LogCleaner)
[2023-10-17 15:40:53,137] INFO Cleaner 0: Building offset map for log __consumer_offsets-44 for 1 segments in offset range [0, 3). (kafka.log.LogCleaner)
[2023-10-17 15:40:53,138] INFO Cleaner 0: Offset map for log __consumer_offsets-44 complete. (kafka.log.LogCleaner)
[2023-10-17 15:40:53,138] INFO Cleaner 0: Cleaning log __consumer_offsets-44 (cleaning prior to Tue Sep 19 11:28:02 CST 2023, discarding tombstones prior to Thu Jan 01 08:00:00 CST 1970)... (kafka.log.LogCleaner)
[2023-10-17 15:40:53,183] INFO Cleaner 0: Beginning cleaning of log __consumer_offsets-44. (kafka.log.LogCleaner)
[2023-10-17 15:40:53,183] INFO Cleaner 0: Building offset map for __consumer_offsets-44... (kafka.log.LogCleaner)
[2023-10-17 15:41:57,324] INFO Starting the log cleaner (kafka.log.LogCleaner)
[2023-10-17 15:41:57,378] INFO [kafka-log-cleaner-thread-0]: Starting (kafka.log.LogCleaner)
[2023-10-17 15:41:57,395] INFO Cleaner 0: Beginning cleaning of log __consumer_offsets-44. (kafka.log.LogCleaner)
[2023-10-17 15:41:57,395] INFO Cleaner 0: Building offset map for __consumer_offsets-44... (kafka.log.LogCleaner)
[2023-10-17 15:41:57,418] INFO Cleaner 0: Building offset map for log __consumer_offsets-44 for 1 segments in offset range [0, 3). (kafka.log.LogCleaner)
[2023-10-17 15:41:57,439] INFO Cleaner 0: Offset map for log __consumer_offsets-44 complete. (kafka.log.LogCleaner)
[2023-10-17 15:41:57,446] INFO Cleaner 0: Cleaning log __consumer_offsets-44 (cleaning prior to Tue Sep 19 11:28:02 CST 2023, discarding tombstones prior to Thu Jan 01 08:00:00 CST 1970)... (kafka.log.LogCleaner)
[2023-10-17 15:41:57,451] INFO Cleaner 0: Cleaning LogSegment(baseOffset=0, size=575, lastModifiedTime=1695094082827, largestTime=1695094082825) in log __consumer_offsets-44 into 0 with deletion horizon 0, retaining deletes. (kafka.log.LogCleaner)
[2023-10-17 15:41:57,521] INFO Cleaner 0: Swapping in cleaned segment LogSegment(baseOffset=0, size=108, lastModifiedTime=1695094082827, largestTime=1695094082825) for segment(s) List(LogSegment(baseOffset=0, size=575, lastModifiedTime=1695094082827, largestTime=1695094082825)) in log Log(dir=F:\tmp\kafka-logs\__consumer_offsets-44, topic=__consumer_offsets, partition=44, highWatermark=0, lastStableOffset=0, logStartOffset=0, logEndOffset=4) (kafka.log.LogCleaner)
[2023-10-17 15:41:57,571] INFO Cleaner 0: Beginning cleaning of log __consumer_offsets-44. (kafka.log.LogCleaner)
[2023-10-17 15:41:57,571] INFO Cleaner 0: Building offset map for __consumer_offsets-44... (kafka.log.LogCleaner)
[2023-10-17 15:41:57,602] INFO Cleaner 0: Building offset map for log __consumer_offsets-44 for 1 segments in offset range [0, 3). (kafka.log.LogCleaner)
[2023-10-17 15:41:57,602] INFO Cleaner 0: Offset map for log __consumer_offsets-44 complete. (kafka.log.LogCleaner)
[2023-10-17 15:41:57,602] INFO Cleaner 0: Cleaning log __consumer_offsets-44 (cleaning prior to Tue Sep 19 11:28:02 CST 2023, discarding tombstones prior to Thu Jan 01 08:00:00 CST 1970)... (kafka.log.LogCleaner)
[2023-10-17 15:42:48,958] INFO Starting the log cleaner (kafka.log.LogCleaner)
[2023-10-17 15:42:49,010] INFO [kafka-log-cleaner-thread-0]: Starting (kafka.log.LogCleaner)
[2023-10-17 15:42:49,035] INFO Cleaner 0: Beginning cleaning of log __consumer_offsets-44. (kafka.log.LogCleaner)
[2023-10-17 15:42:49,035] INFO Cleaner 0: Building offset map for __consumer_offsets-44... (kafka.log.LogCleaner)
[2023-10-17 15:42:49,057] INFO Cleaner 0: Building offset map for log __consumer_offsets-44 for 1 segments in offset range [0, 3). (kafka.log.LogCleaner)
[2023-10-17 15:42:49,079] INFO Cleaner 0: Offset map for log __consumer_offsets-44 complete. (kafka.log.LogCleaner)
[2023-10-17 15:42:49,085] INFO Cleaner 0: Cleaning log __consumer_offsets-44 (cleaning prior to Tue Sep 19 11:28:02 CST 2023, discarding tombstones prior to Thu Jan 01 08:00:00 CST 1970)... (kafka.log.LogCleaner)
[2023-10-17 15:42:49,091] INFO Cleaner 0: Cleaning LogSegment(baseOffset=0, size=575, lastModifiedTime=1695094082827, largestTime=1695094082825) in log __consumer_offsets-44 into 0 with deletion horizon 0, retaining deletes. (kafka.log.LogCleaner)
[2023-10-17 15:42:49,165] INFO Cleaner 0: Swapping in cleaned segment LogSegment(baseOffset=0, size=108, lastModifiedTime=1695094082827, largestTime=1695094082825) for segment(s) List(LogSegment(baseOffset=0, size=575, lastModifiedTime=1695094082827, largestTime=1695094082825)) in log Log(dir=F:\tmp\kafka-logs\__consumer_offsets-44, topic=__consumer_offsets, partition=44, highWatermark=0, lastStableOffset=0, logStartOffset=0, logEndOffset=4) (kafka.log.LogCleaner)
[2023-10-17 15:42:49,223] INFO Cleaner 0: Beginning cleaning of log __consumer_offsets-44. (kafka.log.LogCleaner)
[2023-10-17 15:42:49,223] INFO Cleaner 0: Building offset map for __consumer_offsets-44... (kafka.log.LogCleaner)
[2023-10-17 15:42:49,248] INFO Cleaner 0: Building offset map for log __consumer_offsets-44 for 1 segments in offset range [0, 3). (kafka.log.LogCleaner)
[2023-10-17 15:42:49,249] INFO Cleaner 0: Offset map for log __consumer_offsets-44 complete. (kafka.log.LogCleaner)
[2023-10-17 15:42:49,249] INFO Cleaner 0: Cleaning log __consumer_offsets-44 (cleaning prior to Tue Sep 19 11:28:02 CST 2023, discarding tombstones prior to Thu Jan 01 08:00:00 CST 1970)... (kafka.log.LogCleaner)
[2023-10-17 15:45:16,625] INFO Starting the log cleaner (kafka.log.LogCleaner)
[2023-10-17 15:45:16,688] INFO [kafka-log-cleaner-thread-0]: Starting (kafka.log.LogCleaner)
[2023-10-17 15:45:16,709] INFO Cleaner 0: Beginning cleaning of log __consumer_offsets-44. (kafka.log.LogCleaner)
[2023-10-17 15:45:16,710] INFO Cleaner 0: Building offset map for __consumer_offsets-44... (kafka.log.LogCleaner)
[2023-10-17 15:45:16,736] INFO Cleaner 0: Building offset map for log __consumer_offsets-44 for 1 segments in offset range [0, 3). (kafka.log.LogCleaner)
[2023-10-17 15:45:16,760] INFO Cleaner 0: Offset map for log __consumer_offsets-44 complete. (kafka.log.LogCleaner)
[2023-10-17 15:45:16,768] INFO Cleaner 0: Cleaning log __consumer_offsets-44 (cleaning prior to Tue Sep 19 11:28:02 CST 2023, discarding tombstones prior to Thu Jan 01 08:00:00 CST 1970)... (kafka.log.LogCleaner)
[2023-10-17 15:45:16,771] INFO Cleaner 0: Cleaning LogSegment(baseOffset=0, size=575, lastModifiedTime=1695094082827, largestTime=1695094082825) in log __consumer_offsets-44 into 0 with deletion horizon 0, retaining deletes. (kafka.log.LogCleaner)
[2023-10-17 15:45:16,838] INFO Cleaner 0: Swapping in cleaned segment LogSegment(baseOffset=0, size=108, lastModifiedTime=1695094082827, largestTime=1695094082825) for segment(s) List(LogSegment(baseOffset=0, size=575, lastModifiedTime=1695094082827, largestTime=1695094082825)) in log Log(dir=F:\tmp\kafka-logs\__consumer_offsets-44, topic=__consumer_offsets, partition=44, highWatermark=0, lastStableOffset=0, logStartOffset=0, logEndOffset=4) (kafka.log.LogCleaner)
[2023-10-17 15:45:16,902] INFO Cleaner 0: Beginning cleaning of log __consumer_offsets-44. (kafka.log.LogCleaner)
[2023-10-17 15:45:16,902] INFO Cleaner 0: Building offset map for __consumer_offsets-44... (kafka.log.LogCleaner)
[2023-10-17 15:45:16,935] INFO Cleaner 0: Building offset map for log __consumer_offsets-44 for 1 segments in offset range [0, 3). (kafka.log.LogCleaner)
[2023-10-17 15:45:16,935] INFO Cleaner 0: Offset map for log __consumer_offsets-44 complete. (kafka.log.LogCleaner)
[2023-10-17 15:45:16,935] INFO Cleaner 0: Cleaning log __consumer_offsets-44 (cleaning prior to Tue Sep 19 11:28:02 CST 2023, discarding tombstones prior to Thu Jan 01 08:00:00 CST 1970)... (kafka.log.LogCleaner)
[2023-10-17 15:46:43,461] INFO Starting the log cleaner (kafka.log.LogCleaner)
[2023-10-17 15:46:43,521] INFO [kafka-log-cleaner-thread-0]: Starting (kafka.log.LogCleaner)
[2023-10-17 15:46:43,543] INFO Cleaner 0: Beginning cleaning of log __consumer_offsets-44. (kafka.log.LogCleaner)
[2023-10-17 15:46:43,543] INFO Cleaner 0: Building offset map for __consumer_offsets-44... (kafka.log.LogCleaner)
[2023-10-17 15:46:43,571] INFO Cleaner 0: Building offset map for log __consumer_offsets-44 for 1 segments in offset range [0, 3). (kafka.log.LogCleaner)
[2023-10-17 15:46:43,596] INFO Cleaner 0: Offset map for log __consumer_offsets-44 complete. (kafka.log.LogCleaner)
[2023-10-17 15:46:43,601] INFO Cleaner 0: Cleaning log __consumer_offsets-44 (cleaning prior to Tue Sep 19 11:28:02 CST 2023, discarding tombstones prior to Thu Jan 01 08:00:00 CST 1970)... (kafka.log.LogCleaner)
[2023-10-17 15:46:43,608] INFO Cleaner 0: Cleaning LogSegment(baseOffset=0, size=575, lastModifiedTime=1695094082827, largestTime=1695094082825) in log __consumer_offsets-44 into 0 with deletion horizon 0, retaining deletes. (kafka.log.LogCleaner)
[2023-10-17 15:46:43,683] INFO Cleaner 0: Swapping in cleaned segment LogSegment(baseOffset=0, size=108, lastModifiedTime=1695094082827, largestTime=1695094082825) for segment(s) List(LogSegment(baseOffset=0, size=575, lastModifiedTime=1695094082827, largestTime=1695094082825)) in log Log(dir=F:\tmp\kafka-logs\__consumer_offsets-44, topic=__consumer_offsets, partition=44, highWatermark=0, lastStableOffset=0, logStartOffset=0, logEndOffset=4) (kafka.log.LogCleaner)
[2023-10-17 15:46:43,744] INFO Cleaner 0: Beginning cleaning of log __consumer_offsets-44. (kafka.log.LogCleaner)
[2023-10-17 15:46:43,744] INFO Cleaner 0: Building offset map for __consumer_offsets-44... (kafka.log.LogCleaner)
[2023-10-17 15:46:43,774] INFO Cleaner 0: Building offset map for log __consumer_offsets-44 for 1 segments in offset range [0, 3). (kafka.log.LogCleaner)
[2023-10-17 15:46:43,775] INFO Cleaner 0: Offset map for log __consumer_offsets-44 complete. (kafka.log.LogCleaner)
[2023-10-17 15:46:43,775] INFO Cleaner 0: Cleaning log __consumer_offsets-44 (cleaning prior to Tue Sep 19 11:28:02 CST 2023, discarding tombstones prior to Thu Jan 01 08:00:00 CST 1970)... (kafka.log.LogCleaner)
[2023-10-17 15:50:57,071] INFO Starting the log cleaner (kafka.log.LogCleaner)
[2023-10-17 15:50:57,126] INFO [kafka-log-cleaner-thread-0]: Starting (kafka.log.LogCleaner)
[2023-10-17 15:50:57,154] INFO Cleaner 0: Beginning cleaning of log __consumer_offsets-44. (kafka.log.LogCleaner)
[2023-10-17 15:50:57,154] INFO Cleaner 0: Building offset map for __consumer_offsets-44... (kafka.log.LogCleaner)
[2023-10-17 15:50:57,193] INFO Cleaner 0: Building offset map for log __consumer_offsets-44 for 1 segments in offset range [0, 3). (kafka.log.LogCleaner)
[2023-10-17 15:50:57,218] INFO Cleaner 0: Offset map for log __consumer_offsets-44 complete. (kafka.log.LogCleaner)
[2023-10-17 15:50:57,228] INFO Cleaner 0: Cleaning log __consumer_offsets-44 (cleaning prior to Tue Sep 19 11:28:02 CST 2023, discarding tombstones prior to Thu Jan 01 08:00:00 CST 1970)... (kafka.log.LogCleaner)
[2023-10-17 15:50:57,235] INFO Cleaner 0: Cleaning LogSegment(baseOffset=0, size=575, lastModifiedTime=1695094082827, largestTime=1695094082825) in log __consumer_offsets-44 into 0 with deletion horizon 0, retaining deletes. (kafka.log.LogCleaner)
[2023-10-17 15:50:57,357] INFO Cleaner 0: Swapping in cleaned segment LogSegment(baseOffset=0, size=108, lastModifiedTime=1695094082827, largestTime=1695094082825) for segment(s) List(LogSegment(baseOffset=0, size=575, lastModifiedTime=1695094082827, largestTime=1695094082825)) in log Log(dir=F:\tmp\kafka-logs\__consumer_offsets-44, topic=__consumer_offsets, partition=44, highWatermark=0, lastStableOffset=0, logStartOffset=0, logEndOffset=4) (kafka.log.LogCleaner)
[2023-10-17 15:56:24,172] INFO Starting the log cleaner (kafka.log.LogCleaner)
[2023-10-17 15:56:24,226] INFO [kafka-log-cleaner-thread-0]: Starting (kafka.log.LogCleaner)
[2023-10-17 15:56:24,246] INFO Cleaner 0: Beginning cleaning of log __consumer_offsets-44. (kafka.log.LogCleaner)
[2023-10-17 15:56:24,246] INFO Cleaner 0: Building offset map for __consumer_offsets-44... (kafka.log.LogCleaner)
[2023-10-17 15:56:24,272] INFO Cleaner 0: Building offset map for log __consumer_offsets-44 for 1 segments in offset range [0, 3). (kafka.log.LogCleaner)
[2023-10-17 15:56:24,297] INFO Cleaner 0: Offset map for log __consumer_offsets-44 complete. (kafka.log.LogCleaner)
[2023-10-17 15:56:24,304] INFO Cleaner 0: Cleaning log __consumer_offsets-44 (cleaning prior to Tue Sep 19 11:28:02 CST 2023, discarding tombstones prior to Thu Jan 01 08:00:00 CST 1970)... (kafka.log.LogCleaner)
[2023-10-17 15:56:24,308] INFO Cleaner 0: Cleaning LogSegment(baseOffset=0, size=575, lastModifiedTime=1695094082827, largestTime=1695094082825) in log __consumer_offsets-44 into 0 with deletion horizon 0, retaining deletes. (kafka.log.LogCleaner)
[2023-10-17 15:56:24,377] INFO Cleaner 0: Swapping in cleaned segment LogSegment(baseOffset=0, size=108, lastModifiedTime=1695094082827, largestTime=1695094082825) for segment(s) List(LogSegment(baseOffset=0, size=575, lastModifiedTime=1695094082827, largestTime=1695094082825)) in log Log(dir=F:\tmp\kafka-logs\__consumer_offsets-44, topic=__consumer_offsets, partition=44, highWatermark=0, lastStableOffset=0, logStartOffset=0, logEndOffset=4) (kafka.log.LogCleaner)
[2023-10-17 15:56:24,437] INFO Cleaner 0: Beginning cleaning of log __consumer_offsets-44. (kafka.log.LogCleaner)
[2023-10-17 15:56:24,437] INFO Cleaner 0: Building offset map for __consumer_offsets-44... (kafka.log.LogCleaner)
[2023-10-17 15:56:24,469] INFO Cleaner 0: Building offset map for log __consumer_offsets-44 for 1 segments in offset range [0, 3). (kafka.log.LogCleaner)
[2023-10-17 15:56:24,469] INFO Cleaner 0: Offset map for log __consumer_offsets-44 complete. (kafka.log.LogCleaner)
[2023-10-17 15:56:24,469] INFO Cleaner 0: Cleaning log __consumer_offsets-44 (cleaning prior to Tue Sep 19 11:28:02 CST 2023, discarding tombstones prior to Thu Jan 01 08:00:00 CST 1970)... (kafka.log.LogCleaner)
[2023-10-17 16:01:51,826] INFO Starting the log cleaner (kafka.log.LogCleaner)
[2023-10-17 16:01:51,922] INFO [kafka-log-cleaner-thread-0]: Starting (kafka.log.LogCleaner)
[2023-10-17 16:23:13,306] INFO Starting the log cleaner (kafka.log.LogCleaner)
[2023-10-17 16:23:13,456] INFO [kafka-log-cleaner-thread-0]: Starting (kafka.log.LogCleaner)
[2023-10-17 16:23:14,452] INFO Shutting down the log cleaner. (kafka.log.LogCleaner)
[2023-10-17 16:23:14,452] INFO [kafka-log-cleaner-thread-0]: Shutting down (kafka.log.LogCleaner)
[2023-10-17 16:23:14,452] INFO [kafka-log-cleaner-thread-0]: Stopped (kafka.log.LogCleaner)
[2023-10-17 16:23:14,452] INFO [kafka-log-cleaner-thread-0]: Shutdown completed (kafka.log.LogCleaner)
[2023-10-17 16:25:12,488] INFO Starting the log cleaner (kafka.log.LogCleaner)
[2023-10-17 16:25:12,551] INFO [kafka-log-cleaner-thread-0]: Starting (kafka.log.LogCleaner)
[2023-10-17 19:23:39,579] INFO Starting the log cleaner (kafka.log.LogCleaner)
[2023-10-17 19:23:39,645] INFO [kafka-log-cleaner-thread-0]: Starting (kafka.log.LogCleaner)
[2023-10-19 10:59:25,097] INFO Starting the log cleaner (kafka.log.LogCleaner)
[2023-10-19 10:59:25,156] INFO [kafka-log-cleaner-thread-0]: Starting (kafka.log.LogCleaner)
[2023-10-19 10:59:26,337] INFO Shutting down the log cleaner. (kafka.log.LogCleaner)
[2023-10-19 10:59:26,337] INFO [kafka-log-cleaner-thread-0]: Shutting down (kafka.log.LogCleaner)
[2023-10-19 10:59:26,338] INFO [kafka-log-cleaner-thread-0]: Stopped (kafka.log.LogCleaner)
[2023-10-19 10:59:26,338] INFO [kafka-log-cleaner-thread-0]: Shutdown completed (kafka.log.LogCleaner)
[2023-10-19 11:00:49,579] INFO Starting the log cleaner (kafka.log.LogCleaner)
[2023-10-19 11:00:49,637] INFO [kafka-log-cleaner-thread-0]: Starting (kafka.log.LogCleaner)
[2023-10-19 11:03:04,052] INFO Starting the log cleaner (kafka.log.LogCleaner)
[2023-10-19 11:03:04,103] INFO [kafka-log-cleaner-thread-0]: Starting (kafka.log.LogCleaner)
[2023-11-17 11:17:51,521] INFO Starting the log cleaner (kafka.log.LogCleaner)
[2023-11-17 11:17:51,625] INFO [kafka-log-cleaner-thread-0]: Starting (kafka.log.LogCleaner)
[2023-11-17 11:17:52,860] INFO Shutting down the log cleaner. (kafka.log.LogCleaner)
[2023-11-17 11:17:52,860] INFO [kafka-log-cleaner-thread-0]: Shutting down (kafka.log.LogCleaner)
[2023-11-17 11:17:52,861] INFO [kafka-log-cleaner-thread-0]: Stopped (kafka.log.LogCleaner)
[2023-11-17 11:17:52,861] INFO [kafka-log-cleaner-thread-0]: Shutdown completed (kafka.log.LogCleaner)
[2023-11-17 11:20:34,445] INFO Starting the log cleaner (kafka.log.LogCleaner)
[2023-11-17 11:20:34,521] INFO [kafka-log-cleaner-thread-0]: Starting (kafka.log.LogCleaner)
[2023-11-17 11:23:36,258] INFO Starting the log cleaner (kafka.log.LogCleaner)
[2023-11-17 11:23:36,311] INFO [kafka-log-cleaner-thread-0]: Starting (kafka.log.LogCleaner)
[2023-11-17 11:23:37,347] INFO Shutting down the log cleaner. (kafka.log.LogCleaner)
[2023-11-17 11:23:37,348] INFO [kafka-log-cleaner-thread-0]: Shutting down (kafka.log.LogCleaner)
[2023-11-17 11:23:37,348] INFO [kafka-log-cleaner-thread-0]: Stopped (kafka.log.LogCleaner)
[2023-11-17 11:23:37,348] INFO [kafka-log-cleaner-thread-0]: Shutdown completed (kafka.log.LogCleaner)
[2023-11-17 11:27:21,508] INFO Starting the log cleaner (kafka.log.LogCleaner)
[2023-11-17 11:27:21,558] INFO [kafka-log-cleaner-thread-0]: Starting (kafka.log.LogCleaner)
[2023-11-17 14:48:27,966] INFO Starting the log cleaner (kafka.log.LogCleaner)
[2023-11-17 14:48:28,019] INFO [kafka-log-cleaner-thread-0]: Starting (kafka.log.LogCleaner)
[2023-11-17 14:58:57,493] INFO Starting the log cleaner (kafka.log.LogCleaner)
[2023-11-17 14:58:57,584] INFO [kafka-log-cleaner-thread-0]: Starting (kafka.log.LogCleaner)
[2023-11-17 14:58:58,646] INFO Shutting down the log cleaner. (kafka.log.LogCleaner)
[2023-11-17 14:58:58,646] INFO [kafka-log-cleaner-thread-0]: Shutting down (kafka.log.LogCleaner)
[2023-11-17 14:58:58,647] INFO [kafka-log-cleaner-thread-0]: Stopped (kafka.log.LogCleaner)
[2023-11-17 14:58:58,647] INFO [kafka-log-cleaner-thread-0]: Shutdown completed (kafka.log.LogCleaner)
[2023-11-17 14:59:18,304] INFO Starting the log cleaner (kafka.log.LogCleaner)
[2023-11-17 14:59:18,358] INFO [kafka-log-cleaner-thread-0]: Starting (kafka.log.LogCleaner)
[2023-11-17 15:20:30,906] INFO Starting the log cleaner (kafka.log.LogCleaner)
[2023-11-17 15:20:30,968] INFO [kafka-log-cleaner-thread-0]: Starting (kafka.log.LogCleaner)
[2023-11-17 16:49:09,867] INFO Starting the log cleaner (kafka.log.LogCleaner)
[2023-11-17 16:49:09,927] INFO [kafka-log-cleaner-thread-0]: Starting (kafka.log.LogCleaner)
[2023-11-17 16:49:10,973] INFO Shutting down the log cleaner. (kafka.log.LogCleaner)
[2023-11-17 16:49:10,974] INFO [kafka-log-cleaner-thread-0]: Shutting down (kafka.log.LogCleaner)
[2023-11-17 16:49:10,974] INFO [kafka-log-cleaner-thread-0]: Stopped (kafka.log.LogCleaner)
[2023-11-17 16:49:10,974] INFO [kafka-log-cleaner-thread-0]: Shutdown completed (kafka.log.LogCleaner)
[2023-11-17 16:49:40,937] INFO Starting the log cleaner (kafka.log.LogCleaner)
[2023-11-17 16:49:40,995] INFO [kafka-log-cleaner-thread-0]: Starting (kafka.log.LogCleaner)
[2023-11-17 17:12:03,743] INFO Starting the log cleaner (kafka.log.LogCleaner)
[2023-11-17 17:12:03,800] INFO [kafka-log-cleaner-thread-0]: Starting (kafka.log.LogCleaner)
[2023-11-17 17:12:04,833] INFO Shutting down the log cleaner. (kafka.log.LogCleaner)
[2023-11-17 17:12:04,833] INFO [kafka-log-cleaner-thread-0]: Shutting down (kafka.log.LogCleaner)
[2023-11-17 17:12:04,834] INFO [kafka-log-cleaner-thread-0]: Stopped (kafka.log.LogCleaner)
[2023-11-17 17:12:04,834] INFO [kafka-log-cleaner-thread-0]: Shutdown completed (kafka.log.LogCleaner)
[2023-11-17 17:12:31,111] INFO Starting the log cleaner (kafka.log.LogCleaner)
[2023-11-17 17:12:31,167] INFO [kafka-log-cleaner-thread-0]: Starting (kafka.log.LogCleaner)
[2023-11-20 15:02:50,785] INFO Starting the log cleaner (kafka.log.LogCleaner)
[2023-11-20 15:02:50,971] INFO [kafka-log-cleaner-thread-0]: Starting (kafka.log.LogCleaner)
[2023-11-20 15:02:51,995] INFO Shutting down the log cleaner. (kafka.log.LogCleaner)
[2023-11-20 15:02:51,995] INFO [kafka-log-cleaner-thread-0]: Shutting down (kafka.log.LogCleaner)
[2023-11-20 15:02:51,995] INFO [kafka-log-cleaner-thread-0]: Stopped (kafka.log.LogCleaner)
[2023-11-20 15:02:51,995] INFO [kafka-log-cleaner-thread-0]: Shutdown completed (kafka.log.LogCleaner)
[2023-11-20 15:03:31,628] INFO Starting the log cleaner (kafka.log.LogCleaner)
[2023-11-20 15:03:31,676] INFO [kafka-log-cleaner-thread-0]: Starting (kafka.log.LogCleaner)
[2023-11-20 15:43:39,012] INFO Starting the log cleaner (kafka.log.LogCleaner)
[2023-11-20 15:43:39,166] INFO [kafka-log-cleaner-thread-0]: Starting (kafka.log.LogCleaner)
[2023-11-20 15:43:40,012] INFO Shutting down the log cleaner. (kafka.log.LogCleaner)
[2023-11-20 15:43:40,012] INFO [kafka-log-cleaner-thread-0]: Shutting down (kafka.log.LogCleaner)
[2023-11-20 15:43:40,013] INFO [kafka-log-cleaner-thread-0]: Stopped (kafka.log.LogCleaner)
[2023-11-20 15:43:40,013] INFO [kafka-log-cleaner-thread-0]: Shutdown completed (kafka.log.LogCleaner)
[2023-11-20 15:44:04,617] INFO Starting the log cleaner (kafka.log.LogCleaner)
[2023-11-20 15:44:04,732] INFO [kafka-log-cleaner-thread-0]: Starting (kafka.log.LogCleaner)
[2023-11-20 15:59:41,848] INFO Starting the log cleaner (kafka.log.LogCleaner)
[2023-11-20 15:59:41,912] INFO [kafka-log-cleaner-thread-0]: Starting (kafka.log.LogCleaner)
[2023-11-20 15:59:42,987] INFO Shutting down the log cleaner. (kafka.log.LogCleaner)
[2023-11-20 15:59:42,987] INFO [kafka-log-cleaner-thread-0]: Shutting down (kafka.log.LogCleaner)
[2023-11-20 15:59:42,987] INFO [kafka-log-cleaner-thread-0]: Stopped (kafka.log.LogCleaner)
[2023-11-20 15:59:42,987] INFO [kafka-log-cleaner-thread-0]: Shutdown completed (kafka.log.LogCleaner)
[2023-11-20 16:00:02,278] INFO Starting the log cleaner (kafka.log.LogCleaner)
[2023-11-20 16:00:02,332] INFO [kafka-log-cleaner-thread-0]: Starting (kafka.log.LogCleaner)
[2023-11-20 16:10:58,577] INFO Starting the log cleaner (kafka.log.LogCleaner)
[2023-11-20 16:10:58,634] INFO [kafka-log-cleaner-thread-0]: Starting (kafka.log.LogCleaner)
[2023-11-20 16:21:03,360] INFO Starting the log cleaner (kafka.log.LogCleaner)
[2023-11-20 16:21:03,423] INFO [kafka-log-cleaner-thread-0]: Starting (kafka.log.LogCleaner)
[2023-11-20 16:21:04,476] INFO Shutting down the log cleaner. (kafka.log.LogCleaner)
[2023-11-20 16:21:04,476] INFO [kafka-log-cleaner-thread-0]: Shutting down (kafka.log.LogCleaner)
[2023-11-20 16:21:04,476] INFO [kafka-log-cleaner-thread-0]: Stopped (kafka.log.LogCleaner)
[2023-11-20 16:21:04,476] INFO [kafka-log-cleaner-thread-0]: Shutdown completed (kafka.log.LogCleaner)
[2023-11-20 16:21:27,986] INFO Starting the log cleaner (kafka.log.LogCleaner)
[2023-11-20 16:21:28,040] INFO [kafka-log-cleaner-thread-0]: Starting (kafka.log.LogCleaner)
[2023-11-20 16:24:10,024] INFO Starting the log cleaner (kafka.log.LogCleaner)
[2023-11-20 16:24:10,076] INFO [kafka-log-cleaner-thread-0]: Starting (kafka.log.LogCleaner)
[2023-11-20 16:26:43,118] INFO Starting the log cleaner (kafka.log.LogCleaner)
[2023-11-20 16:26:43,170] INFO [kafka-log-cleaner-thread-0]: Starting (kafka.log.LogCleaner)
[2023-11-20 20:06:44,335] INFO Starting the log cleaner (kafka.log.LogCleaner)
[2023-11-20 20:06:44,427] INFO [kafka-log-cleaner-thread-0]: Starting (kafka.log.LogCleaner)
[2023-11-20 20:06:45,475] INFO Shutting down the log cleaner. (kafka.log.LogCleaner)
[2023-11-20 20:06:45,475] INFO [kafka-log-cleaner-thread-0]: Shutting down (kafka.log.LogCleaner)
[2023-11-20 20:06:45,475] INFO [kafka-log-cleaner-thread-0]: Stopped (kafka.log.LogCleaner)
[2023-11-20 20:06:45,475] INFO [kafka-log-cleaner-thread-0]: Shutdown completed (kafka.log.LogCleaner)
[2023-11-20 20:07:14,948] INFO Starting the log cleaner (kafka.log.LogCleaner)
[2023-11-20 20:07:15,083] INFO [kafka-log-cleaner-thread-0]: Starting (kafka.log.LogCleaner)
[2023-11-20 21:21:41,539] INFO Starting the log cleaner (kafka.log.LogCleaner)
[2023-11-20 21:21:41,601] INFO [kafka-log-cleaner-thread-0]: Starting (kafka.log.LogCleaner)
[2023-11-20 21:21:42,634] INFO Shutting down the log cleaner. (kafka.log.LogCleaner)
[2023-11-20 21:21:42,634] INFO [kafka-log-cleaner-thread-0]: Shutting down (kafka.log.LogCleaner)
[2023-11-20 21:21:42,634] INFO [kafka-log-cleaner-thread-0]: Stopped (kafka.log.LogCleaner)
[2023-11-20 21:21:42,634] INFO [kafka-log-cleaner-thread-0]: Shutdown completed (kafka.log.LogCleaner)
[2023-11-20 21:22:03,182] INFO Starting the log cleaner (kafka.log.LogCleaner)
[2023-11-20 21:22:03,238] INFO [kafka-log-cleaner-thread-0]: Starting (kafka.log.LogCleaner)
[2023-11-20 21:38:50,642] INFO Starting the log cleaner (kafka.log.LogCleaner)
[2023-11-20 21:38:50,699] INFO [kafka-log-cleaner-thread-0]: Starting (kafka.log.LogCleaner)
[2023-11-20 21:38:51,732] INFO Shutting down the log cleaner. (kafka.log.LogCleaner)
[2023-11-20 21:38:51,732] INFO [kafka-log-cleaner-thread-0]: Shutting down (kafka.log.LogCleaner)
[2023-11-20 21:38:51,732] INFO [kafka-log-cleaner-thread-0]: Stopped (kafka.log.LogCleaner)
[2023-11-20 21:38:51,732] INFO [kafka-log-cleaner-thread-0]: Shutdown completed (kafka.log.LogCleaner)
[2023-11-20 21:39:11,868] INFO Starting the log cleaner (kafka.log.LogCleaner)
[2023-11-20 21:39:11,916] INFO [kafka-log-cleaner-thread-0]: Starting (kafka.log.LogCleaner)
[2023-11-21 10:21:24,905] INFO Shutting down the log cleaner. (kafka.log.LogCleaner)
[2023-11-21 10:21:24,906] INFO [kafka-log-cleaner-thread-0]: Shutting down (kafka.log.LogCleaner)
[2023-11-21 10:21:24,906] INFO [kafka-log-cleaner-thread-0]: Stopped (kafka.log.LogCleaner)
[2023-11-21 10:21:24,906] INFO [kafka-log-cleaner-thread-0]: Shutdown completed (kafka.log.LogCleaner)
[2023-11-21 10:21:30,540] INFO Starting the log cleaner (kafka.log.LogCleaner)
[2023-11-21 10:21:30,600] INFO [kafka-log-cleaner-thread-0]: Starting (kafka.log.LogCleaner)
[2023-11-21 10:23:59,088] INFO Starting the log cleaner (kafka.log.LogCleaner)
[2023-11-21 10:23:59,138] INFO [kafka-log-cleaner-thread-0]: Starting (kafka.log.LogCleaner)
[2023-11-21 10:50:31,116] INFO Starting the log cleaner (kafka.log.LogCleaner)
[2023-11-21 10:50:31,167] INFO [kafka-log-cleaner-thread-0]: Starting (kafka.log.LogCleaner)
[2023-11-21 15:09:10,503] INFO Starting the log cleaner (kafka.log.LogCleaner)
[2023-11-21 15:09:10,585] INFO [kafka-log-cleaner-thread-0]: Starting (kafka.log.LogCleaner)
[2023-11-21 16:24:27,193] INFO Starting the log cleaner (kafka.log.LogCleaner)
[2023-11-21 16:24:27,271] INFO [kafka-log-cleaner-thread-0]: Starting (kafka.log.LogCleaner)
[2023-11-21 16:24:28,395] INFO Shutting down the log cleaner. (kafka.log.LogCleaner)
[2023-11-21 16:24:28,395] INFO [kafka-log-cleaner-thread-0]: Shutting down (kafka.log.LogCleaner)
[2023-11-21 16:24:28,395] INFO [kafka-log-cleaner-thread-0]: Stopped (kafka.log.LogCleaner)
[2023-11-21 16:24:28,395] INFO [kafka-log-cleaner-thread-0]: Shutdown completed (kafka.log.LogCleaner)
[2023-11-21 16:24:56,695] INFO Starting the log cleaner (kafka.log.LogCleaner)
[2023-11-21 16:24:56,747] INFO [kafka-log-cleaner-thread-0]: Starting (kafka.log.LogCleaner)
[2023-11-21 21:05:43,708] INFO Starting the log cleaner (kafka.log.LogCleaner)
[2023-11-21 21:05:43,799] INFO [kafka-log-cleaner-thread-0]: Starting (kafka.log.LogCleaner)
[2023-11-22 20:19:03,403] INFO Starting the log cleaner (kafka.log.LogCleaner)
[2023-11-22 20:19:03,475] INFO [kafka-log-cleaner-thread-0]: Starting (kafka.log.LogCleaner)
[2023-11-22 20:19:04,543] INFO Shutting down the log cleaner. (kafka.log.LogCleaner)
[2023-11-22 20:19:04,543] INFO [kafka-log-cleaner-thread-0]: Shutting down (kafka.log.LogCleaner)
[2023-11-22 20:19:04,543] INFO [kafka-log-cleaner-thread-0]: Stopped (kafka.log.LogCleaner)
[2023-11-22 20:19:04,543] INFO [kafka-log-cleaner-thread-0]: Shutdown completed (kafka.log.LogCleaner)
[2023-11-22 20:19:28,172] INFO Starting the log cleaner (kafka.log.LogCleaner)
[2023-11-22 20:19:28,227] INFO [kafka-log-cleaner-thread-0]: Starting (kafka.log.LogCleaner)
[2023-11-23 14:51:49,548] INFO Starting the log cleaner (kafka.log.LogCleaner)
[2023-11-23 14:51:49,600] INFO [kafka-log-cleaner-thread-0]: Starting (kafka.log.LogCleaner)
[2023-11-23 14:51:50,652] INFO Shutting down the log cleaner. (kafka.log.LogCleaner)
[2023-11-23 14:51:50,652] INFO [kafka-log-cleaner-thread-0]: Shutting down (kafka.log.LogCleaner)
[2023-11-23 14:51:50,653] INFO [kafka-log-cleaner-thread-0]: Stopped (kafka.log.LogCleaner)
[2023-11-23 14:51:50,653] INFO [kafka-log-cleaner-thread-0]: Shutdown completed (kafka.log.LogCleaner)
[2023-11-23 14:52:12,743] INFO Starting the log cleaner (kafka.log.LogCleaner)
[2023-11-23 14:52:12,800] INFO [kafka-log-cleaner-thread-0]: Starting (kafka.log.LogCleaner)
[2023-11-23 14:54:58,766] INFO Starting the log cleaner (kafka.log.LogCleaner)
[2023-11-23 14:54:58,817] INFO [kafka-log-cleaner-thread-0]: Starting (kafka.log.LogCleaner)
[2023-11-23 14:54:59,652] INFO Shutting down the log cleaner. (kafka.log.LogCleaner)
[2023-11-23 14:54:59,652] INFO [kafka-log-cleaner-thread-0]: Shutting down (kafka.log.LogCleaner)
[2023-11-23 14:54:59,652] INFO [kafka-log-cleaner-thread-0]: Stopped (kafka.log.LogCleaner)
[2023-11-23 14:54:59,652] INFO [kafka-log-cleaner-thread-0]: Shutdown completed (kafka.log.LogCleaner)
[2023-11-23 14:55:18,448] INFO Starting the log cleaner (kafka.log.LogCleaner)
[2023-11-23 14:55:18,506] INFO [kafka-log-cleaner-thread-0]: Starting (kafka.log.LogCleaner)
